C:\Users\Admin\Desktop\工作存档\MS001线缆6.10\MS001-A手术规划与反馈系统线缆\MS001-A线缆图.dwg,模型,2021/6/22 15:02:04,Admin,DWG To PDF.pc3,ISO A4 (297.00 x 210.00 毫米),1:1.34871,
C:\Users\Admin\Desktop\工作存档\MS001线缆6.10\MS001-B手术导引系统线缆\MS001-B.01.002JL.1.1手术导引系统接线图.dwg,模型,2021/6/23 9:52:01,Admin,DWG To PDF.pc3,ISO A4 (297.00 x 210.00 毫米),1:2.2441,
C:\Users\Admin\Desktop\工作存档\MS001线缆6.10\MS001-B手术导引系统线缆\MS001-B.01.002JL.1.1手术导引系统接线图.dwg,模型,2021/7/6 11:39:48,Admin,DWG To PDF.pc3,ISO A4 (297.00 x 210.00 毫米),1:2.2441,
C:\Users\Admin\Desktop\工作存档\MS001线缆6.10\MS001-B手术导引系统线缆\MS001-B线缆图.dwg,模型,2021/7/6 12:00:48,Admin,DWG To PDF.pc3,ISO A4 (297.00 x 210.00 毫米),1:1.34871,
C:\Users\Admin\Desktop\工作存档\MS001线缆6.10\MS001-B手术导引系统线缆\MS001-B线缆图.dwg,模型,2021/7/6 12:05:17,Admin,DWG To PDF.pc3,ISO A4 (297.00 x 210.00 毫米),1:1.34871,
Z:\05_各专业组\机械\3. 产品、项目\MS-001 骨科手术导航与反馈系统\2. 转产图（PDF+STEP）\2. MS001-B手术导引系统\3. MS001-B 线缆图\MS001-B.01.002JL.1.1手术导引系统接线图.dwg,模型,2021/7/6 17:55:53,Admin,DWG To PDF.pc3,ISO A4 (297.00 x 210.00 毫米),1:2.2441,
Z:\05_各专业组\机械\3. 产品、项目\MS-001 模块化手术导引系统\2. 转产归档\1. 转产图（PDF+STEP）\2. MS001-B手术导引系统\3. MS001-B 线缆图\MS001-B线缆图.dwg,模型,2021/7/9 9:55:46,Admin,DWG To PDF.pc3,ISO A4 (297.00 x 210.00 毫米),1:1.34871,
Z:\05_各专业组\机械\3. 产品、项目\MS-001 模块化手术导引系统\2. 转产归档\1. 转产图（PDF+STEP）\2. MS001-B手术导引系统\3. MS001-B 线缆图\MS001-B线缆图.dwg,模型,2021/7/9 9:57:46,Admin,DWG To PDF.pc3,ISO A4 (297.00 x 210.00 毫米),1:1.34871,
Z:\05_各专业组\机械\3. 产品、项目\MS-001 模块化手术导引系统\2. 转产归档\1. 转产图（PDF+STEP）\2. MS001-B手术导引系统\3. MS001-B 线缆图\MS001-B线缆图.dwg,模型,2021/7/9 9:59:42,Admin,DWG To PDF.pc3,ISO A4 (297.00 x 210.00 毫米),1:1.34871,
Z:\05_各专业组\机械\3. 产品、项目\MS-001 模块化手术导引系统\2. 转产归档\1. 转产图（PDF+STEP）\2. MS001-B手术导引系统\3. MS001-B 线缆图\MS001-B线缆图.dwg,模型,2021/7/9 10:02:23,Admin,DWG To PDF.pc3,ISO A4 (297.00 x 210.00 毫米),1:1.34871,
Z:\05_各专业组\机械\3. 产品、项目\MS-001 模块化手术导引系统\2. 转产归档\1. 转产图（PDF+STEP）\2. MS001-B手术导引系统\3. MS001-B 线缆图\MS001-B线缆图.dwg,模型,2021/7/9 10:11:17,Admin,DWG To PDF.pc3,ISO A4 (297.00 x 210.00 毫米),1:1.34871,
Z:\05_各专业组\机械\3. 产品、项目\MS-001 模块化手术导引系统\2. 转产归档\1. 转产图（PDF+STEP）\2. MS001-B手术导引系统\3. MS001-B 线缆图\MS001-B线缆图.dwg,模型,2021/7/9 10:14:12,Admin,DWG To PDF.pc3,ISO A4 (297.00 x 210.00 毫米),1:1.34871,
Z:\05_各专业组\机械\3. 产品、项目\MS-001 模块化手术导引系统\2. 转产归档\1. 转产图（PDF+STEP）\2. MS001-B手术导引系统\3. MS001-B 线缆图\MS001-B线缆图.dwg,模型,2021/7/9 10:19:39,Admin,DWG To PDF.pc3,ISO A4 (297.00 x 210.00 毫米),1:1.34871,
Z:\05_各专业组\机械\3. 产品、项目\MS-001 模块化手术导引系统\2. 转产归档\1. 转产图（PDF+STEP）\2. MS001-B手术导引系统\3. MS001-B 线缆图\MS001-B线缆图.dwg,模型,2021/7/9 10:23:30,Admin,DWG To PDF.pc3,ISO A4 (297.00 x 210.00 毫米),1:1.34871,
Z:\05_各专业组\机械\3. 产品、项目\MS-001 模块化手术导引系统\2. 转产归档\1. 转产图（PDF+STEP）\2. MS001-B手术导引系统\3. MS001-B 线缆图\MS001-B线缆图.dwg,模型,2021/7/9 10:30:14,Admin,DWG To PDF.pc3,ISO A4 (297.00 x 210.00 毫米),1:1.34871,
Z:\05_各专业组\机械\3. 产品、项目\MS-001 模块化手术导引系统\2. 转产归档\1. 转产图（PDF+STEP）\2. MS001-B手术导引系统\3. MS001-B 线缆图\MS001-B线缆图.dwg,模型,2021/7/9 10:32:35,Admin,DWG To PDF.pc3,ISO A4 (297.00 x 210.00 毫米),1:1.34871,
Z:\05_各专业组\机械\3. 产品、项目\MS-001 模块化手术导引系统\2. 转产归档\1. 转产图（PDF+STEP）\2. MS001-B手术导引系统\3. MS001-B 线缆图\MS001-B线缆图.dwg,模型,2021/7/9 10:35:40,Admin,DWG To PDF.pc3,ISO A4 (297.00 x 210.00 毫米),1:1.34871,
Z:\05_各专业组\机械\3. 产品、项目\MS-001 模块化手术导引系统\2. 转产归档\1. 转产图（PDF+STEP）\2. MS001-B手术导引系统\3. MS001-B 线缆图\MS001-B线缆图.dwg,模型,2021/7/9 10:37:42,Admin,DWG To PDF.pc3,ISO A4 (297.00 x 210.00 毫米),1:1.34871,
Z:\05_各专业组\机械\3. 产品、项目\MS-001 模块化手术导引系统\2. 转产归档\1. 转产图（PDF+STEP）\2. MS001-B手术导引系统\3. MS001-B 线缆图\MS001-B线缆图.dwg,模型,2021/7/9 10:39:45,Admin,DWG To PDF.pc3,ISO A4 (297.00 x 210.00 毫米),1:1.34871,
Z:\05_各专业组\机械\3. 产品、项目\MS-001 模块化手术导引系统\2. 转产归档\1. 转产图（PDF+STEP）\2. MS001-B手术导引系统\3. MS001-B 线缆图\MS001-B线缆图.dwg,模型,2021/7/9 10:41:56,Admin,DWG To PDF.pc3,ISO A4 (297.00 x 210.00 毫米),1:1.34871,
Z:\05_各专业组\机械\3. 产品、项目\MS-001 模块化手术导引系统\2. 转产归档\1. 转产图（PDF+STEP）\2. MS001-B手术导引系统\3. MS001-B 线缆图\MS001-B线缆图.dwg,模型,2021/7/9 10:43:54,Admin,DWG To PDF.pc3,ISO A4 (297.00 x 210.00 毫米),1:1.34871,
Z:\05_各专业组\机械\3. 产品、项目\MS-001 模块化手术导引系统\2. 转产归档\1. 转产图（PDF+STEP）\2. MS001-B手术导引系统\3. MS001-B 线缆图\MS001-B线缆图.dwg,模型,2021/7/9 10:46:30,Admin,DWG To PDF.pc3,ISO A4 (297.00 x 210.00 毫米),1:1.34871,
Z:\05_各专业组\机械\3. 产品、项目\MS-001 模块化手术导引系统\2. 转产归档\1. 转产图（PDF+STEP）\2. MS001-B手术导引系统\3. MS001-B 线缆图\MS001-B线缆图.dwg,模型,2021/7/9 10:48:52,Admin,DWG To PDF.pc3,ISO A4 (297.00 x 210.00 毫米),1:1.34871,
Z:\05_各专业组\机械\3. 产品、项目\MS-001 模块化手术导引系统\2. 转产归档\1. 转产图（PDF+STEP）\2. MS001-B手术导引系统\3. MS001-B 线缆图\MS001-B线缆图.dwg,模型,2021/7/9 10:50:52,Admin,DWG To PDF.pc3,ISO A4 (297.00 x 210.00 毫米),1:1.34871,
Z:\05_各专业组\机械\3. 产品、项目\MS-001 模块化手术导引系统\2. 转产归档\1. 转产图（PDF+STEP）\2. MS001-B手术导引系统\3. MS001-B 线缆图\MS001-B线缆图.dwg,模型,2021/7/9 10:52:50,Admin,DWG To PDF.pc3,ISO A4 (297.00 x 210.00 毫米),1:1.34871,
Z:\05_各专业组\机械\3. 产品、项目\MS-001 模块化手术导引系统\2. 转产归档\1. 转产图（PDF+STEP）\2. MS001-B手术导引系统\3. MS001-B 线缆图\MS001-B线缆图.dwg,模型,2021/7/9 10:55:08,Admin,DWG To PDF.pc3,ISO A4 (297.00 x 210.00 毫米),1:1.34871,
Z:\05_各专业组\机械\3. 产品、项目\MS-001 模块化手术导引系统\2. 转产归档\1. 转产图（PDF+STEP）\2. MS001-B手术导引系统\3. MS001-B 线缆图\MS001-B线缆图.dwg,模型,2021/7/9 10:57:41,Admin,DWG To PDF.pc3,ISO A4 (297.00 x 210.00 毫米),1:1.34871,
Z:\05_各专业组\机械\3. 产品、项目\MS-001 模块化手术导引系统\2. 转产归档\1. 转产图（PDF+STEP）\2. MS001-B手术导引系统\3. MS001-B 线缆图\MS001-B线缆图.dwg,模型,2021/7/9 11:02:16,Admin,DWG To PDF.pc3,ISO A4 (297.00 x 210.00 毫米),1:1.34871,
Z:\05_各专业组\机械\3. 产品、项目\MS-001 模块化手术导引系统\2. 转产归档\1. 转产图（PDF+STEP）\2. MS001-B手术导引系统\3. MS001-B 线缆图\MS001-B线缆图.dwg,模型,2021/7/9 11:04:02,Admin,DWG To PDF.pc3,ISO A4 (297.00 x 210.00 毫米),1:1.34871,
Z:\05_各专业组\机械\3. 产品、项目\MS-001 模块化手术导引系统\2. 转产归档\1. 转产图（PDF+STEP）\2. MS001-B手术导引系统\3. MS001-B 线缆图\MS001-B线缆图.dwg,模型,2021/7/9 11:05:50,Admin,DWG To PDF.pc3,ISO A4 (297.00 x 210.00 毫米),1:1.34871,
Z:\05_各专业组\机械\3. 产品、项目\MS-001 模块化手术导引系统\2. 转产归档\1. 转产图（PDF+STEP）\2. MS001-B手术导引系统\3. MS001-B 线缆图\MS001-B线缆图.dwg,模型,2021/7/9 11:22:13,Admin,DWG To PDF.pc3,ISO A4 (297.00 x 210.00 毫米),1:1.34871,
Z:\05_各专业组\机械\3. 产品、项目\MS-001 模块化手术导引系统\2. 转产归档\1. 转产图（PDF+STEP）\2. MS001-B 导引模块\3. MS001-B 线缆图\MS001-B线缆图.dwg,模型,2021/7/14 18:42:57,Admin,DWG To PDF.pc3,ISO A4 (297.00 x 210.00 毫米),1:1.34871,
Z:\05_各专业组\机械\3. 产品、项目\MS-001 模块化手术导引系统\2. 转产归档\1. 转产图（PDF+STEP）\2. MS001-B 导引模块\3. MS001-B 线缆图\MS001-B线缆图.dwg,模型,2021/7/14 18:44:45,Admin,DWG To PDF.pc3,ISO A4 (297.00 x 210.00 毫米),1:1.36099,
Z:\05_各专业组\机械\3. 产品、项目\MS-001 模块化手术导引系统\2. 转产归档\1. 转产图（PDF+STEP）\2. MS001-B 导引模块\3. MS001-B 线缆图\MS001-B线缆图.dwg,模型,2021/7/14 18:45:30,Admin,DWG To PDF.pc3,ISO A4 (297.00 x 210.00 毫米),1:1.36099,
Z:\05_各专业组\机械\3. 产品、项目\MS-001 模块化手术导引系统\2. 转产归档\1. 转产图（PDF+STEP）\2. MS001-B 导引模块\3. MS001-B 线缆图\MS001-B线缆图.dwg,模型,2021/7/14 18:46:01,Admin,DWG To PDF.pc3,ISO A4 (297.00 x 210.00 毫米),1:1.36099,
Z:\05_各专业组\机械\3. 产品、项目\MS-001 模块化手术导引系统\2. 转产归档\1. 转产图（PDF+STEP）\2. MS001-B 导引模块\3. MS001-B 线缆图\MS001-B线缆图.dwg,模型,2021/7/14 18:46:32,Admin,DWG To PDF.pc3,ISO A4 (297.00 x 210.00 毫米),1:1.36099,
Z:\05_各专业组\机械\3. 产品、项目\MS-001 模块化手术导引系统\2. 转产归档\1. 转产图（PDF+STEP）\2. MS001-B 导引模块\3. MS001-B 线缆图\MS001-B线缆图.dwg,模型,2021/7/14 18:46:59,Admin,DWG To PDF.pc3,ISO A4 (297.00 x 210.00 毫米),1:1.36099,
Z:\05_各专业组\机械\3. 产品、项目\MS-001 模块化手术导引系统\2. 转产归档\1. 转产图（PDF+STEP）\2. MS001-B 导引模块\3. MS001-B 线缆图\MS001-B线缆图.dwg,模型,2021/7/14 18:48:46,Admin,DWG To PDF.pc3,ISO A4 (297.00 x 210.00 毫米),1:1.36099,
Z:\05_各专业组\机械\3. 产品、项目\MS-001 模块化手术导引系统\2. 转产归档\1. 转产图（PDF+STEP）\2. MS001-B 导引模块\3. MS001-B 线缆图\MS001-B线缆图.dwg,模型,2021/7/14 18:49:19,Admin,DWG To PDF.pc3,ISO A4 (297.00 x 210.00 毫米),1:1.36099,
Z:\05_各专业组\机械\3. 产品、项目\MS-001 模块化手术导引系统\2. 转产归档\1. 转产图（PDF+STEP）\2. MS001-B 导引模块\3. MS001-B 线缆图\MS001-B线缆图.dwg,模型,2021/7/14 18:49:46,Admin,DWG To PDF.pc3,ISO A4 (297.00 x 210.00 毫米),1:1.36099,
Z:\05_各专业组\机械\3. 产品、项目\MS-001 模块化手术导引系统\2. 转产归档\1. 转产图（PDF+STEP）\2. MS001-B 导引模块\3. MS001-B 线缆图\MS001-B.01.002JL.1.1导引模块接线图.dwg,模型,2021/7/16 9:55:14,Admin,DWG To PDF.pc3,ISO A4 (297.00 x 210.00 毫米),1:2.2441,
Z:\05_各专业组\机械\3. 产品、项目\MS-001 模块化手术导引系统\2. 转产归档\1. 转产图（PDF+STEP）\2. MS001-B 导引模块\3. MS001-B 线缆图\MS001-B.01.002JL.1.1导引模块接线图.dwg,模型,2021/7/16 9:58:44,Admin,DWG To PDF.pc3,ISO A4 (297.00 x 210.00 毫米),1:2.2441,
Z:\05_各专业组\机械\3. 产品、项目\MS-001 模块化手术导引系统\2. 转产归档\1. 转产图（PDF+STEP）\2. MS001-B 导引模块\3. MS001-B 线缆图\MS001-B.01.002JL.1.1导引模块接线图.dwg,模型,2021/7/16 10:06:55,Admin,DWG To PDF.pc3,ISO A4 (297.00 x 210.00 毫米),1:2.2441,
C:\Users\Admin\Desktop\01.SY002-激光定位系统体系归档（20210710)\01.激光定位系统-整机\整机接线图及线缆图\SY002线缆图.dwg,模型,2021/7/16 16:57:52,Admin,DWG To PDF.pc3,ISO A4 (297.00 x 210.00 毫米),1:1.36099,
C:\Users\PDC-37\Desktop\3. MS001-B 线缆图\MS001-B线缆图.dwg,模型,2021/8/23 10:28:46,PDC-37,DWG To PDF.pc3,ISO A4 (297.00 x 210.00 毫米),1:1.34871,
C:\Users\PDC-37\Desktop\3. MS001-B 线缆图\MS001-B线缆图.dwg,模型,2021/8/23 10:29:22,PDC-37,DWG To PDF.pc3,ISO A4 (297.00 x 210.00 毫米),1:1.34871,
C:\Users\PDC-37\Desktop\3. MS001-B 线缆图\MS001-B线缆图.dwg,模型,2021/8/23 10:31:22,PDC-37,DWG To PDF.pc3,ISO A4 (297.00 x 210.00 毫米),1:1.34871,
C:\Users\PDC-37\Desktop\3. MS001-B 线缆图\MS001-B线缆图.dwg,模型,2021/8/23 10:32:06,PDC-37,DWG To PDF.pc3,ISO A4 (297.00 x 210.00 毫米),1:1.34871,
C:\Users\PDC-37\Desktop\3. MS001-B 线缆图\MS001-B线缆图.dwg,模型,2021/8/23 10:32:30,PDC-37,DWG To PDF.pc3,ISO A4 (297.00 x 210.00 毫米),1:1.34871,
C:\Users\PDC-37\Desktop\3. MS001-B 线缆图\MS001-B线缆图.dwg,模型,2021/8/23 10:32:52,PDC-37,DWG To PDF.pc3,ISO A4 (297.00 x 210.00 毫米),1:1.34871,
C:\Users\PDC-37\Desktop\3. MS001-B 线缆图\MS001-B线缆图.dwg,模型,2021/8/23 10:33:32,PDC-37,DWG To PDF.pc3,ISO A4 (297.00 x 210.00 毫米),1:1.34871,
C:\Users\PDC-37\Desktop\3. MS001-B 线缆图\MS001-B线缆图.dwg,模型,2021/8/23 10:33:58,PDC-37,DWG To PDF.pc3,ISO A4 (297.00 x 210.00 毫米),1:1.34871,
C:\Users\PDC-37\Desktop\3. MS001-B 线缆图\MS001-B线缆图.dwg,模型,2021/8/23 10:34:22,PDC-37,DWG To PDF.pc3,ISO A4 (297.00 x 210.00 毫米),1:1.34871,
C:\Users\PDC-37\Desktop\3. MS001-B 线缆图\MS001-B线缆图.dwg,模型,2021/8/23 10:34:43,PDC-37,DWG To PDF.pc3,ISO A4 (297.00 x 210.00 毫米),1:1.34871,
C:\Users\PDC-37\Desktop\3. MS001-B 线缆图\MS001-B线缆图.dwg,模型,2021/8/23 10:35:05,PDC-37,DWG To PDF.pc3,ISO A4 (297.00 x 210.00 毫米),1:1.34871,
C:\Users\PDC-37\Desktop\3. MS001-B 线缆图\MS001-B线缆图.dwg,模型,2021/8/23 10:35:26,PDC-37,DWG To PDF.pc3,ISO A4 (297.00 x 210.00 毫米),1:1.34871,
C:\Users\PDC-37\Desktop\3. MS001-B 线缆图\MS001-B线缆图.dwg,模型,2021/8/23 10:35:50,PDC-37,DWG To PDF.pc3,ISO A4 (297.00 x 210.00 毫米),1:1.34871,
C:\Users\PDC-37\Desktop\3. MS001-B 线缆图\MS001-B线缆图.dwg,模型,2021/8/23 10:36:09,PDC-37,DWG To PDF.pc3,ISO A4 (297.00 x 210.00 毫米),1:1.34871,
C:\Users\PDC-37\Desktop\3. MS001-B 线缆图\MS001-B线缆图.dwg,模型,2021/8/23 10:36:43,PDC-37,DWG To PDF.pc3,ISO A4 (297.00 x 210.00 毫米),1:1.34871,
C:\Users\PDC-37\Desktop\3. MS001-B 线缆图\MS001-B线缆图.dwg,模型,2021/8/23 10:37:08,PDC-37,DWG To PDF.pc3,ISO A4 (297.00 x 210.00 毫米),1:1.34871,
C:\Users\PDC-37\Desktop\3. MS001-B 线缆图\MS001-B线缆图.dwg,模型,2021/8/23 10:37:35,PDC-37,DWG To PDF.pc3,ISO A4 (297.00 x 210.00 毫米),1:1.34871,
C:\Users\PDC-37\Desktop\3. MS001-B 线缆图\MS001-B线缆图.dwg,模型,2021/8/23 10:38:15,PDC-37,DWG To PDF.pc3,ISO A4 (297.00 x 210.00 毫米),1:1.34871,
C:\Users\PDC-37\Desktop\3. MS001-B 线缆图\MS001-B线缆图.dwg,模型,2021/8/23 11:19:26,PDC-37,DWG To PDF.pc3,ISO A4 (297.00 x 210.00 毫米),1:1.34871,
C:\Users\PDC-37\Desktop\3. MS001-B 线缆图\MS001-B线缆图.dwg,模型,2021/8/23 11:19:47,PDC-37,DWG To PDF.pc3,ISO A4 (297.00 x 210.00 毫米),1:1.34871,
C:\Users\PDC-37\Desktop\3. MS001-B 线缆图\MS001-B线缆图.dwg,模型,2021/8/23 11:20:10,PDC-37,DWG To PDF.pc3,ISO A4 (297.00 x 210.00 毫米),1:1.34871,
C:\Users\PDC-37\Desktop\3. MS001-B 线缆图\MS001-B线缆图.dwg,模型,2021/8/23 11:20:35,PDC-37,DWG To PDF.pc3,ISO A4 (297.00 x 210.00 毫米),1:1.34871,
C:\Users\PDC-37\Desktop\3. MS001-B 线缆图\MS001-B线缆图.dwg,模型,2021/8/23 11:20:56,PDC-37,DWG To PDF.pc3,ISO A4 (297.00 x 210.00 毫米),1:1.34871,
C:\Users\PDC-37\Desktop\3. MS001-B 线缆图\MS001-B线缆图.dwg,模型,2021/8/23 11:21:17,PDC-37,DWG To PDF.pc3,ISO A4 (297.00 x 210.00 毫米),1:1.34871,
C:\Users\PDC-37\Desktop\3. MS001-B 线缆图\MS001-B线缆图.dwg,模型,2021/8/23 11:21:30,PDC-37,DWG To PDF.pc3,ISO A4 (297.00 x 210.00 毫米),1:1.34871,
C:\Users\PDC-37\Desktop\3. MS001-B 线缆图\MS001-B线缆图.dwg,模型,2021/8/23 11:21:51,PDC-37,DWG To PDF.pc3,ISO A4 (297.00 x 210.00 毫米),1:1.34871,
C:\Users\PDC-37\Desktop\3. MS001-B 线缆图\MS001-B线缆图.dwg,模型,2021/8/23 11:22:17,PDC-37,DWG To PDF.pc3,ISO A4 (297.00 x 210.00 毫米),1:1.34871,
C:\Users\PDC-37\Desktop\3. MS001-B 线缆图\MS001-B线缆图.dwg,模型,2021/8/23 11:22:42,PDC-37,DWG To PDF.pc3,ISO A4 (297.00 x 210.00 毫米),1:1.34871,
C:\Users\PDC-37\Desktop\3. MS001-B 线缆图\MS001-B线缆图.dwg,模型,2021/8/23 11:23:02,PDC-37,DWG To PDF.pc3,ISO A4 (297.00 x 210.00 毫米),1:1.34871,
C:\Users\PDC-37\Desktop\3. MS001-B 线缆图\MS001-B线缆图.dwg,模型,2021/8/23 11:24:07,PDC-37,DWG To PDF.pc3,ISO A4 (297.00 x 210.00 毫米),1:1.34871,
C:\Users\PDC-37\Desktop\3. MS001-B 线缆图\MS001-B线缆图.dwg,模型,2021/8/23 11:24:29,PDC-37,DWG To PDF.pc3,ISO A4 (297.00 x 210.00 毫米),1:1.34871,
C:\Users\PDC-37\Desktop\3. MS001-B 线缆图\MS001-B线缆图.dwg,模型,2021/8/23 11:24:54,PDC-37,DWG To PDF.pc3,ISO A4 (297.00 x 210.00 毫米),1:1.34871,
C:\Users\PDC-37\Desktop\3. MS001-B 线缆图\MS001-B线缆图.dwg,模型,2021/8/23 11:27:46,PDC-37,DWG To PDF.pc3,ISO A4 (297.00 x 210.00 毫米),1:1.34871,
C:\Users\PDC-37\Desktop\3. MS001-B 线缆图\MS001-B线缆图.dwg,模型,2021/8/23 11:36:03,PDC-37,DWG To PDF.pc3,ISO A4 (297.00 x 210.00 毫米),1:1.34871,
C:\Users\PDC-37\Desktop\3. MS001-B 线缆图\MS001-B线缆图.dwg,模型,2021/8/23 11:36:29,PDC-37,DWG To PDF.pc3,ISO A4 (297.00 x 210.00 毫米),1:1.34871,
C:\Users\PDC-37\Desktop\3. MS001-B 线缆图\MS001-B线缆图.dwg,模型,2021/8/23 11:36:53,PDC-37,DWG To PDF.pc3,ISO A4 (297.00 x 210.00 毫米),1:1.34871,
C:\Users\PDC-37\Desktop\3. MS001-B 线缆图\MS001-B线缆图.dwg,模型,2021/8/23 11:37:13,PDC-37,DWG To PDF.pc3,ISO A4 (297.00 x 210.00 毫米),1:1.34871,
C:\Users\PDC-37\Desktop\3. MS001-B 线缆图\MS001-B线缆图.dwg,模型,2021/8/23 11:37:35,PDC-37,DWG To PDF.pc3,ISO A4 (297.00 x 210.00 毫米),1:1.34871,
C:\Users\PDC-37\Desktop\3. MS001-B 线缆图\MS001-B线缆图.dwg,模型,2021/8/23 11:37:55,PDC-37,DWG To PDF.pc3,ISO A4 (297.00 x 210.00 毫米),1:1.34871,
C:\Users\PDC-37\Desktop\3. MS001-B 线缆图\MS001-B线缆图.dwg,模型,2021/8/23 11:38:17,PDC-37,DWG To PDF.pc3,ISO A4 (297.00 x 210.00 毫米),1:1.34871,
C:\Users\PDC-37\Desktop\3. MS001-B 线缆图\MS001-B线缆图.dwg,模型,2021/8/23 11:39:26,PDC-37,DWG To PDF.pc3,ISO A4 (297.00 x 210.00 毫米),1:1.34871,
C:\Users\PDC-37\Desktop\3. MS001-B 线缆图\MS001-B线缆图.dwg,模型,2021/8/26 18:51:22,PDC-37,DWG To PDF.pc3,ISO A4 (297.00 x 210.00 毫米),1:1.34871,
C:\Users\PDC-37\Desktop\3. MS001-A 线缆图\MS001-A线缆图.dwg,模型,2021/8/27 10:29:32,PDC-37,DWG To PDF.pc3,ISO A4 (297.00 x 210.00 毫米),1:1.34871,
C:\Users\PDC-37\Desktop\3. MS001-B 线缆图\MS001-B.01.002JL.1.1导引模块接线图.dwg,模型,2021/9/10 15:55:45,PDC-37,DWG To PDF.pc3,ISO A4 (297.00 x 210.00 毫米),1:2.2441,
